[21:08:38.154] Global cache location '/home/josiah/.cache/typescript/4.2', safe file path '/usr/lib/node_modules/typescript/lib/typingSafeList.json', types map path /usr/lib/node_modules/typescript/lib/typesMap.json
[21:08:38.155] Processing cache location '/home/josiah/.cache/typescript/4.2'
[21:08:38.155] Trying to find '/home/josiah/.cache/typescript/4.2/package.json'...
[21:08:38.157] Loaded content of '/home/josiah/.cache/typescript/4.2/package.json': {"private":true,"dependencies":{"types-registry":"^0.1.542"},"devDependencies":{"@types/abs-svg-path":"^0.1.0","@types/accepts":"^1.3.5","@types/ajv-errors":"^1.0.3","@types/ansi-styles":"^3.2.1","@types/anymatch":"^1.3.1","@types/argparse":"^2.0.8","@types/aria-query":"^4.2.1","@types/arr-diff":"^4.0.0","@types/arr-union":"^3.1.0","@types/array-unique":"^0.3.0","@types/array.prototype.flat":"^1.2.1","@types/array.prototype.flatmap":"^1.2.2","@types/asap":"^2.0.0","@types/asn1":"^0.2.0","@types/assert":"^1.5.4","@types/assert-plus":"^1.0.4","@types/async":"^3.2.6","@types/atob":"^2.1.2","@types/autosuggest-highlight":"^3.1.1","@types/aws4":"^1.5.1","@types/babel-plugin-macros":"^2.8.4","@types/babylon":"^6.16.5","@types/balanced-match":"^1.0.1","@types/big.js":"^6.1.0","@types/blob-stream":"^0.1.30","@types/bluebird":"^3.5.35","@types/bn.js":"^5.1.0","@types/body-parser":"^1.19.0","@types/bonjour":"^3.5.8","@types/boolbase":"^1.0.0","@types/brace-expansion":"^1.1.0","@types/braces":"^3.0.0","@types/brorand":"^1.0.30","@types/brotli":"^1.3.0","@types/browser-resolve":"^2.0.0","@types/bser":"^2.0.0","@types/buffer-from":"^1.1.0","@types/buffer-xor":"^2.0.0","@types/bytes":"^3.1.0","@types/cacache":"^15.0.0","@types/call-bind":"^1.0.0","@types/caniuse-api":"^3.0.1","@types/caniuse-lite":"^1.0.0","@types/case-sensitive-paths-webpack-plugin":"^2.1.5","@types/caseless":"^0.12.2","@types/check-types":"^7.3.1","@types/chownr":"^1.0.0","@types/cipher-base":"^1.0.0","@types/clean-css":"^4.2.4","@types/clone":"^2.1.0","@types/co":"^4.6.2","@types/color":"^3.0.1","@types/color-convert":"^2.0.0","@types/color-name":"^1.1.1","@types/color-string":"^1.5.0","@types/combined-stream":"^1.0.2","@types/common-tags":"^1.8.0","@types/commondir":"^1.0.0","@types/component-emitter":"^1.2.10","@types/compose-function":"0.0.30","@types/compressible":"^2.0.0","@types/compression":"^1.7.0","@types/concat-map":"0.0.0","@types/concat-stream":"^1.6.0","@types/confusing-browser-globals":"^1.0.0","@types/connect-history-api-fallback":"^1.3.4","@types/contains-path":"^1.0.0","@types/content-disposition":"^0.5.3","@types/content-type":"^1.1.3","@types/convert-source-map":"^1.5.1","@types/cookie":"^0.4.0","@types/cookie-signature":"^1.0.3","@types/copyfiles":"^2.4.0","@types/core-js":"^2.5.4","@types/create-hash":"^1.2.2","@types/create-hmac":"^1.1.0","@types/cross-spawn":"^6.0.2","@types/crypto-js":"^4.0.1","@types/css":"0.0.31","@types/css-declaration-sorter":"^5.1.0","@types/css-tree":"^1.0.5","@types/cssesc":"^3.0.0","@types/cssnano":"^4.0.0","@types/csso":"^3.5.1","@types/cssom":"^0.4.1","@types/cssstyle":"^2.2.1","@types/d":"^1.0.0","@types/damerau-levenshtein":"^1.0.0","@types/dashdash":"^1.14.0","@types/data-urls":"^2.0.1","@types/debug":"^4.1.5","@types/decode-uri-component":"^0.2.0","@types/dedent":"^0.7.0","@types/deep-equal":"^1.0.1","@types/default-gateway":"^3.0.1","@types/define-properties":"^1.1.3","@types/depd":"^1.1.32","@types/destroy":"^1.0.0","@types/detect-node":"^2.0.0","@types/diff":"^5.0.0","@types/diffie-hellman":"^5.0.0","@types/dir-glob":"^2.0.0","@types/dns-packet":"^5.2.0","@types/doctrine":"0.0.3","@types/domexception":"^2.0.1","@types/domhandler":"^2.4.1","@types/domutils":"^1.7.3","@types/duplexify":"^3.6.0","@types/ee-first":"^1.1.0","@types/ejs":"^3.0.6","@types/elliptic":"^6.4.12","@types/encodeurl":"^1.0.0","@types/end-of-stream":"^1.4.0","@types/enhanced-resolve":"^3.0.6","@types/enzyme":"^3.10.8","@types/enzyme-adapter-react-16":"^1.0.6","@types/enzyme-to-json":"^1.5.4","@types/es-abstract":"^1.17.2","@types/es-to-primitive":"^1.2.4","@types/escape-html":"^1.0.1","@types/escodegen":"0.0.6","@types/eslint":"^7.2.11","@types/eslint-scope":"^3.7.0","@types/eslint-visitor-keys":"^1.0.0","@types/esprima":"^4.0.2","@types/esquery":"^1.0.1","@types/estraverse":"^5.1.0","@types/estree":"0.0.47","@types/etag":"^1.8.0","@types/events":"^3.0.0","@types/eventsource":"^1.1.5","@types/exit":"^0.1.31","@types/express":"^4.17.11","@types/extend":"^3.0.1","@types/extsprintf":"^1.4.1","@types/fast-levenshtein":"0.0.1","@types/fb-watchman":"^2.0.0","@types/file-entry-cache":"^5.0.1","@types/file-loader":"^5.0.0","@types/finalhandler":"^1.1.0","@types/find-cache-dir":"^3.2.0","@types/flat-cache":"^2.0.0","@types/flush-write-stream":"^1.0.0","@types/follow-redirects":"^1.13.0","@types/forever-agent":"^0.6.0","@types/forwarded":"^0.1.0","@types/fresh":"^0.5.0","@types/from2":"^2.3.0","@types/fs-extra":"^9.0.11","@types/function-bind":"^1.1.6","@types/functional-red-black-tree":"^1.0.0","@types/get-caller-file":"^1.0.0","@types/get-intrinsic":"^1.0.0","@types/get-value":"^3.0.1","@types/getpass":"^0.1.0","@types/glob":"^7.1.3","@types/glob-parent":"^5.1.0","@types/global-modules":"^2.0.0","@types/global-prefix":"^3.0.0","@types/graceful-fs":"^4.1.5","@types/has":"^1.0.0","@types/has-symbols":"^1.0.0","@types/he":"^1.1.1","@types/hex-color-regex":"^1.1.0","@types/history":"^4.7.8","@types/hoist-non-react-statics":"^3.3.1","@types/hosted-git-info":"^3.0.1","@types/hsl-to-hex":"^1.0.0","@types/html-encoding-sniffer":"^2.0.1","@types/html-escaper":"^3.0.0","@types/html-minifier-terser":"^5.1.1","@types/htmlparser2":"^3.10.2","@types/http-errors":"^1.8.0","@types/http-proxy":"^1.17.6","@types/hyphen":"^1.6.4","@types/hyphenate-style-name":"^1.0.0","@types/icss-utils":"^4.1.0","@types/iferr":"^1.0.2","@types/imurmurhash":"^0.1.1","@types/inherits":"0.0.30","@types/ini":"^1.3.30","@types/internal-slot":"^1.0.1","@types/ip":"^1.1.0","@types/is-arguments":"^1.0.0","@types/is-buffer":"^2.0.0","@types/is-callable":"^1.1.0","@types/is-ci":"^3.0.0","@types/is-core-module":"^2.2.0","@types/is-date-object":"^1.0.1","@types/is-glob":"^4.0.1","@types/is-number":"^7.0.1","@types/is-regex":"^1.0.0","@types/is-typedarray":"^1.0.0","@types/is-url":"^1.2.29","@types/is-windows":"^1.0.0","@types/isarray":"^2.0.0","@types/isexe":"^2.0.0","@types/isstream":"^0.1.0","@types/istanbul-lib-coverage":"^2.0.3","@types/istanbul-lib-instrument":"^1.7.4","@types/istanbul-lib-report":"^3.0.0","@types/istanbul-lib-source-maps":"^4.0.1","@types/istanbul-reports":"^3.0.0","@types/js-cookie":"^2.2.6","@types/js-yaml":"^4.0.1","@types/jsbn":"^1.2.29","@types/jsdom":"^16.2.10","@types/jsesc":"^2.5.1","@types/json-parse-better-errors":"^1.0.0","@types/json-schema":"^7.0.7","@types/json-stringify-safe":"^5.0.0","@types/json3":"^3.3.2","@types/jsonfile":"^6.0.0","@types/kind-of":"^6.0.0","@types/language-tags":"^1.0.0","@types/loader-runner":"^2.2.3","@types/loader-utils":"^2.0.2","@types/lodash":"^4.14.169","@types/lodash.debounce":"^4.0.6","@types/lodash.memoize":"^4.1.6","@types/lodash.sortby":"^4.7.6","@types/lodash.template":"^4.5.0","@types/lodash.uniq":"^4.5.6","@types/lolex":"^5.1.0","@types/lru-cache":"^5.1.0","@types/lz-string":"^1.3.34","@types/media-typer":"^1.1.0","@types/memory-fs":"^0.3.3","@types/merge-descriptors":"^1.0.1","@types/merge-stream":"^1.1.2","@types/merge2":"^1.3.0","@types/methods":"^1.1.1","@types/micromatch":"^4.0.1","@types/mime":"^2.0.3","@types/mime-db":"^1.43.0","@types/mime-types":"^2.1.0","@types/min-indent":"^1.0.0","@types/mini-css-extract-plugin":"^1.4.3","@types/minimalistic-assert":"^1.0.1","@types/minimatch":"^3.0.4","@types/minimist":"^1.2.1","@types/minipass":"^2.2.0","@types/minizlib":"^2.1.1","@types/mkdirp":"^1.0.1","@types/move-concurrently":"^1.0.2","@types/ms":"^0.7.31","@types/multicast-dns":"^7.2.0","@types/natural-compare":"^1.4.0","@types/negotiator":"^0.6.1","@types/next-tick":"^1.0.0","@types/nice-try":"^2.1.0","@types/nise":"^1.4.0","@types/node-fetch":"^2.5.10","@types/node-forge":"^0.9.7","@types/node-int64":"^0.4.29","@types/node-notifier":"^8.0.0","@types/normalize-package-data":"^2.4.0","@types/normalize-path":"^3.0.0","@types/num2fraction":"^1.2.0","@types/nwsapi":"^2.2.1","@types/object-assign":"^4.0.30","@types/object-inspect":"^1.8.0","@types/object-keys":"^1.0.1","@types/object.fromentries":"^2.0.0","@types/object.getownpropertydescriptors":"^2.1.1","@types/object.pick":"^1.3.1","@types/on-finished":"^2.3.1","@types/on-headers":"^1.0.0","@types/once":"^1.4.0","@types/optimize-css-assets-webpack-plugin":"^5.0.3","@types/original":"^1.0.0","@types/paho-mqtt":"^1.0.4","@types/pako":"^1.0.1","@types/parallel-transform":"^1.1.0","@types/parse-json":"^4.0.0","@types/parse5":"^6.0.0","@types/parseurl":"^1.3.1","@types/pascalcase":"^1.0.0","@types/path-is-absolute":"^1.0.0","@types/path-is-inside":"^1.0.0","@types/path-parse":"^1.0.19","@types/pbkdf2":"^3.1.0","@types/picomatch":"^2.2.4","@types/pify":"^5.0.0","@types/pngjs":"^6.0.0","@types/postcss-calc":"^7.0.0","@types/postcss-custom-properties":"^9.1.0","@types/postcss-flexbugs-fixes":"^4.2.0","@types/postcss-focus-within":"^4.0.0","@types/postcss-gap-properties":"^2.0.0","@types/postcss-load-config":"^2.0.1","@types/postcss-modules-extract-imports":"^2.0.0","@types/postcss-modules-local-by-default":"^1.2.0","@types/postcss-modules-scope":"^1.1.0","@types/postcss-modules-values":"^3.0.0","@types/postcss-normalize":"^9.0.0","@types/postcss-preset-env":"^6.7.2","@types/postcss-safe-parser":"^5.0.0","@types/prelude-ls":"^1.1.29","@types/prettier":"^2.2.3","@types/progress":"^2.0.3","@types/promise-inflight":"^1.0.0","@types/prompts":"^2.0.12","@types/prop-types":"^15.7.3","@types/proxy-addr":"^2.0.0","@types/psl":"^1.1.0","@types/pump":"^1.1.1","@types/pumpify":"^1.4.1","@types/punycode":"^2.1.0","@types/q":"^1.5.4","@types/qrcode":"^1.4.0","@types/qs":"^6.9.6","@types/querystringify":"^2.0.0","@types/raf":"^3.4.0","@types/ramda":"^0.27.40","@types/randombytes":"^2.0.0","@types/range-parser":"^1.2.3","@types/react":"^17.0.6","@types/react-dev-utils":"^9.0.6","@types/react-dom":"^17.0.5","@types/react-is":"^17.0.0","@types/react-reconciler":"^0.26.1","@types/react-redux":"^7.1.16","@types/react-router":"^5.1.14","@types/react-router-dom":"^5.1.7","@types/react-transition-group":"^4.4.1","@types/readable-stream":"^2.3.9","@types/recursive-readdir":"^2.2.0","@types/regenerate":"^1.4.0","@types/regenerator-runtime":"^0.13.0","@types/relateurl":"^0.2.28","@types/repeat-element":"^1.1.0","@types/repeat-string":"^1.6.0","@types/request":"^2.48.5","@types/request-promise-native":"^1.0.17","@types/require-directory":"^2.1.1","@types/require-from-string":"^1.2.0","@types/requires-port":"^1.0.0","@types/resolve":"^1.20.0","@types/retry":"^0.12.0","@types/rimraf":"^3.0.0","@types/ripemd160":"^2.0.0","@types/rsvp":"^4.0.3","@types/run-parallel":"^1.1.0","@types/safe-regex":"^1.1.2","@types/safer-buffer":"^2.1.0","@types/sane":"^2.0.0","@types/sass-loader":"^8.0.1","@types/sax":"^1.2.1","@types/scheduler":"^0.16.1","@types/semver":"^7.3.6","@types/send":"^0.14.7","@types/serialize-javascript":"^5.0.0","@types/serve-index":"^1.7.30","@types/serve-static":"^1.13.9","@types/set-value":"^2.0.0","@types/setimmediate":"^1.0.2","@types/sha.js":"^2.4.0","@types/shebang-command":"^1.2.0","@types/shell-quote":"^1.7.0","@types/signal-exit":"^3.0.0","@types/sinon":"^10.0.0","@types/slice-ansi":"^5.0.0","@types/sockjs":"^0.3.32","@types/sockjs-client":"^1.5.0","@types/source-list-map":"^0.1.2","@types/source-map-support":"^0.5.3","@types/spdx-correct":"^2.0.0","@types/spdx-expression-parse":"^3.0.0","@types/spdy":"^3.4.4","@types/sprintf":"^0.1.0","@types/sprintf-js":"^1.1.2","@types/sshpk":"^1.10.5","@types/ssri":"^7.1.0","@types/stack-utils":"^2.0.0","@types/statuses":"^2.0.0","@types/stream-each":"^1.2.0","@types/stream-shift":"^1.0.0","@types/strict-uri-encode":"^2.0.0","@types/string-natural-compare":"^3.0.0","@types/string.prototype.matchall":"^4.0.0","@types/stringify-object":"^3.3.0","@types/strip-comments":"^2.0.0","@types/strip-final-newline":"^3.0.0","@types/supports-color":"^8.1.0","@types/svg-parser":"^2.0.2","@types/svgo":"^2.3.0","@types/symbol-tree":"^3.2.1","@types/tapable":"^2.2.2","@types/tar":"^4.0.4","@types/terser-webpack-plugin":"^5.0.3","@types/testing-library__jest-dom":"^5.9.5","@types/text-table":"^0.2.1","@types/through":"0.0.30","@types/through2":"^2.0.36","@types/thunky":"^1.1.0","@types/timsort":"^0.3.0","@types/tough-cookie":"^4.0.0","@types/tryer":"^1.0.1","@types/type-check":"^0.3.27","@types/type-detect":"^4.0.1","@types/type-is":"^1.6.3","@types/uglify-js":"^3.13.0","@types/unicode-trie":"^2.0.0","@types/uniq":"0.0.27","@types/universalify":"^1.0.0","@types/urix":"^0.1.0","@types/url-parse":"^1.4.3","@types/util-deprecate":"^1.0.0","@types/util.promisify":"^1.0.4","@types/utils-merge":"0.0.28","@types/uuid":"^8.3.0","@types/validate-npm-package-license":"^3.0.0","@types/vary":"^1.1.0","@types/verror":"^1.10.4","@types/w3c-hr-time":"^1.0.0","@types/w3c-xmlserializer":"^2.0.1","@types/watchpack":"^1.1.6","@types/webidl-conversions":"^6.1.0","@types/webpack":"^5.28.0","@types/webpack-dev-middleware":"^4.2.0","@types/webpack-dev-server":"^3.11.4","@types/webpack-manifest-plugin":"^3.0.4","@types/webpack-sources":"^2.1.0","@types/whatwg-encoding":"^1.0.0","@types/whatwg-mimetype":"^2.1.0","@types/whatwg-url":"^8.2.0","@types/which":"^2.0.0","@types/workbox-build":"^5.0.0","@types/workbox-sw":"^4.3.1","@types/workbox-webpack-plugin":"^5.1.6","@types/wrap-ansi":"^3.0.0","@types/write-file-atomic":"^3.0.1","@types/ws":"^7.4.4","@types/xtend":"^4.0.3","@types/y18n":"^4.0.0","@types/yallist":"^4.0.0","@types/yargs":"^17.0.0","@types/yargs-parser":"^20.2.0","@types/zen-observable":"^0.8.2","@types/zen-push":"^0.1.1"}}
[21:08:38.157] Loaded content of '/home/josiah/.cache/typescript/4.2/package-lock.json'
[21:08:38.163] Adding entry into typings cache: 'abs-svg-path' => '/home/josiah/.cache/typescript/4.2/node_modules/@types/abs-svg-path/index.d.ts'
[21:08:38.164] Adding entry into typings cache: 'accepts' => '/home/josiah/.cache/typescript/4.2/node_modules/@types/accepts/index.d.ts'
[21:08:38.166] Adding entry into typings cache: 'ajv-errors' => '/home/josiah/.cache/typescript/4.2/node_modules/@types/ajv-errors/index.d.ts'
[21:08:38.168] Adding entry into typings cache: 'ansi-styles' => '/home/josiah/.cache/typescript/4.2/node_modules/ansi-styles/index.d.ts'
[21:08:38.172] Adding entry into typings cache: 'anymatch' => '/home/josiah/.cache/typescript/4.2/node_modules/@types/anymatch/index.d.ts'
[21:08:38.173] Adding entry into typings cache: 'argparse' => '/home/josiah/.cache/typescript/4.2/node_modules/@types/argparse/index.d.ts'
[21:08:38.175] Adding entry into typings cache: 'aria-query' => '/home/josiah/.cache/typescript/4.2/node_modules/@types/aria-query/index.d.ts'
[21:08:38.179] Adding entry into typings cache: 'arr-diff' => '/home/josiah/.cache/typescript/4.2/node_modules/@types/arr-diff/index.d.ts'
[21:08:38.182] Adding entry into typings cache: 'arr-union' => '/home/josiah/.cache/typescript/4.2/node_modules/@types/arr-union/index.d.ts'
[21:08:38.185] Adding entry into typings cache: 'array-unique' => '/home/josiah/.cache/typescript/4.2/node_modules/@types/array-unique/index.d.ts'
[21:08:38.187] Adding entry into typings cache: 'array.prototype.flat' => '/home/josiah/.cache/typescript/4.2/node_modules/@types/array.prototype.flat/index.d.ts'
[21:08:38.188] Adding entry into typings cache: 'array.prototype.flatmap' => '/home/josiah/.cache/typescript/4.2/node_modules/@types/array.prototype.flatmap/index.d.ts'
[21:08:38.189] Adding entry into typings cache: 'asap' => '/home/josiah/.cache/typescript/4.2/node_modules/@types/asap/index.d.ts'
[21:08:38.190] Adding entry into typings cache: 'asn1' => '/home/josiah/.cache/typescript/4.2/node_modules/@types/asn1/index.d.ts'
[21:08:38.191] Adding entry into typings cache: 'assert' => '/home/josiah/.cache/typescript/4.2/node_modules/@types/assert/index.d.ts'
[21:08:38.193] Adding entry into typings cache: 'assert-plus' => '/home/josiah/.cache/typescript/4.2/node_modules/@types/assert-plus/index.d.ts'
[21:08:38.194] Adding entry into typings cache: 'async' => '/home/josiah/.cache/typescript/4.2/node_modules/@types/async/index.d.ts'
[21:08:38.196] Adding entry into typings cache: 'atob' => '/home/josiah/.cache/typescript/4.2/node_modules/@types/atob/index.d.ts'
[21:08:38.197] Adding entry into typings cache: 'autosuggest-highlight' => '/home/josiah/.cache/typescript/4.2/node_modules/@types/autosuggest-highlight/index.d.ts'
[21:08:38.198] Adding entry into typings cache: 'aws4' => '/home/josiah/.cache/typescript/4.2/node_modules/@types/aws4/index.d.ts'
[21:08:38.199] Adding entry into typings cache: 'babel-plugin-macros' => '/home/josiah/.cache/typescript/4.2/node_modules/@types/babel-plugin-macros/index.d.ts'
[21:08:38.200] Adding entry into typings cache: 'babylon' => '/home/josiah/.cache/typescript/4.2/node_modules/@types/babylon/index.d.ts'
[21:08:38.201] Adding entry into typings cache: 'balanced-match' => '/home/josiah/.cache/typescript/4.2/node_modules/@types/balanced-match/index.d.ts'
[21:08:38.202] Adding entry into typings cache: 'big.js' => '/home/josiah/.cache/typescript/4.2/node_modules/@types/big.js/index.d.ts'
[21:08:38.203] Adding entry into typings cache: 'blob-stream' => '/home/josiah/.cache/typescript/4.2/node_modules/@types/blob-stream/index.d.ts'
[21:08:38.204] Adding entry into typings cache: 'bluebird' => '/home/josiah/.cache/typescript/4.2/node_modules/@types/bluebird/index.d.ts'
[21:08:38.205] Adding entry into typings cache: 'bn.js' => '/home/josiah/.cache/typescript/4.2/node_modules/@types/bn.js/index.d.ts'
[21:08:38.206] Adding entry into typings cache: 'body-parser' => '/home/josiah/.cache/typescript/4.2/node_modules/@types/body-parser/index.d.ts'
[21:08:38.208] Adding entry into typings cache: 'bonjour' => '/home/josiah/.cache/typescript/4.2/node_modules/@types/bonjour/index.d.ts'
[21:08:38.209] Adding entry into typings cache: 'boolbase' => '/home/josiah/.cache/typescript/4.2/node_modules/@types/boolbase/index.d.ts'
[21:08:38.210] Adding entry into typings cache: 'brace-expansion' => '/home/josiah/.cache/typescript/4.2/node_modules/@types/brace-expansion/index.d.ts'
[21:08:38.213] Adding entry into typings cache: 'braces' => '/home/josiah/.cache/typescript/4.2/node_modules/@types/braces/index.d.ts'
[21:08:38.214] Adding entry into typings cache: 'brorand' => '/home/josiah/.cache/typescript/4.2/node_modules/@types/brorand/index.d.ts'
[21:08:38.214] Adding entry into typings cache: 'brotli' => '/home/josiah/.cache/typescript/4.2/node_modules/@types/brotli/index.d.ts'
[21:08:38.215] Adding entry into typings cache: 'browser-resolve' => '/home/josiah/.cache/typescript/4.2/node_modules/@types/browser-resolve/index.d.ts'
[21:08:38.217] Adding entry into typings cache: 'bser' => '/home/josiah/.cache/typescript/4.2/node_modules/@types/bser/index.d.ts'
[21:08:38.218] Adding entry into typings cache: 'buffer-from' => '/home/josiah/.cache/typescript/4.2/node_modules/@types/buffer-from/index.d.ts'
[21:08:38.219] Adding entry into typings cache: 'buffer-xor' => '/home/josiah/.cache/typescript/4.2/node_modules/@types/buffer-xor/index.d.ts'
[21:08:38.220] Adding entry into typings cache: 'bytes' => '/home/josiah/.cache/typescript/4.2/node_modules/@types/bytes/index.d.ts'
[21:08:38.220] Adding entry into typings cache: 'cacache' => '/home/josiah/.cache/typescript/4.2/node_modules/@types/cacache/index.d.ts'
[21:08:38.221] Adding entry into typings cache: 'call-bind' => '/home/josiah/.cache/typescript/4.2/node_modules/@types/call-bind/index.d.ts'
[21:08:38.222] Adding entry into typings cache: 'caniuse-api' => '/home/josiah/.cache/typescript/4.2/node_modules/@types/caniuse-api/index.d.ts'
[21:08:38.223] Adding entry into typings cache: 'caniuse-lite' => '/home/josiah/.cache/typescript/4.2/node_modules/@types/caniuse-lite/index.d.ts'
[21:08:38.223] Adding entry into typings cache: 'case-sensitive-paths-webpack-plugin' => '/home/josiah/.cache/typescript/4.2/node_modules/@types/case-sensitive-paths-webpack-plugin/index.d.ts'
[21:08:38.224] Adding entry into typings cache: 'caseless' => '/home/josiah/.cache/typescript/4.2/node_modules/@types/caseless/index.d.ts'
[21:08:38.225] Adding entry into typings cache: 'check-types' => '/home/josiah/.cache/typescript/4.2/node_modules/@types/check-types/index.d.ts'
[21:08:38.225] Adding entry into typings cache: 'chownr' => '/home/josiah/.cache/typescript/4.2/node_modules/@types/chownr/index.d.ts'
[21:08:38.226] Adding entry into typings cache: 'cipher-base' => '/home/josiah/.cache/typescript/4.2/node_modules/@types/cipher-base/index.d.ts'
[21:08:38.227] Adding entry into typings cache: 'clean-css' => '/home/josiah/.cache/typescript/4.2/node_modules/@types/clean-css/index.d.ts'
[21:08:38.229] Adding entry into typings cache: 'clone' => '/home/josiah/.cache/typescript/4.2/node_modules/@types/clone/index.d.ts'
[21:08:38.230] Adding entry into typings cache: 'co' => '/home/josiah/.cache/typescript/4.2/node_modules/@types/co/index.d.ts'
[21:08:38.231] Adding entry into typings cache: 'color' => '/home/josiah/.cache/typescript/4.2/node_modules/@types/color/index.d.ts'
[21:08:38.233] Adding entry into typings cache: 'color-convert' => '/home/josiah/.cache/typescript/4.2/node_modules/@types/color-convert/index.d.ts'
[21:08:38.235] Adding entry into typings cache: 'color-name' => '/home/josiah/.cache/typescript/4.2/node_modules/@types/color-name/index.d.ts'
[21:08:38.236] Adding entry into typings cache: 'color-string' => '/home/josiah/.cache/typescript/4.2/node_modules/@types/color-string/index.d.ts'
[21:08:38.238] Adding entry into typings cache: 'combined-stream' => '/home/josiah/.cache/typescript/4.2/node_modules/@types/combined-stream/index.d.ts'
[21:08:38.239] Adding entry into typings cache: 'common-tags' => '/home/josiah/.cache/typescript/4.2/node_modules/@types/common-tags/index.d.ts'
[21:08:38.241] Adding entry into typings cache: 'commondir' => '/home/josiah/.cache/typescript/4.2/node_modules/@types/commondir/index.d.ts'
[21:08:38.242] Adding entry into typings cache: 'component-emitter' => '/home/josiah/.cache/typescript/4.2/node_modules/@types/component-emitter/index.d.ts'
[21:08:38.245] Adding entry into typings cache: 'compose-function' => '/home/josiah/.cache/typescript/4.2/node_modules/@types/compose-function/index.d.ts'
[21:08:38.246] Adding entry into typings cache: 'compressible' => '/home/josiah/.cache/typescript/4.2/node_modules/@types/compressible/index.d.ts'
[21:08:38.246] Adding entry into typings cache: 'compression' => '/home/josiah/.cache/typescript/4.2/node_modules/@types/compression/index.d.ts'
[21:08:38.247] Adding entry into typings cache: 'concat-map' => '/home/josiah/.cache/typescript/4.2/node_modules/@types/concat-map/index.d.ts'
[21:08:38.248] Adding entry into typings cache: 'concat-stream' => '/home/josiah/.cache/typescript/4.2/node_modules/@types/concat-stream/index.d.ts'
[21:08:38.248] Adding entry into typings cache: 'confusing-browser-globals' => '/home/josiah/.cache/typescript/4.2/node_modules/@types/confusing-browser-globals/index.d.ts'
[21:08:38.249] Adding entry into typings cache: 'connect-history-api-fallback' => '/home/josiah/.cache/typescript/4.2/node_modules/@types/connect-history-api-fallback/index.d.ts'
[21:08:38.250] Adding entry into typings cache: 'contains-path' => '/home/josiah/.cache/typescript/4.2/node_modules/@types/contains-path/index.d.ts'
[21:08:38.250] Adding entry into typings cache: 'content-disposition' => '/home/josiah/.cache/typescript/4.2/node_modules/@types/content-disposition/index.d.ts'
[21:08:38.251] Adding entry into typings cache: 'content-type' => '/home/josiah/.cache/typescript/4.2/node_modules/@types/content-type/index.d.ts'
[21:08:38.251] Adding entry into typings cache: 'convert-source-map' => '/home/josiah/.cache/typescript/4.2/node_modules/@types/convert-source-map/index.d.ts'
[21:08:38.253] Adding entry into typings cache: 'cookie' => '/home/josiah/.cache/typescript/4.2/node_modules/@types/cookie/index.d.ts'
[21:08:38.253] Adding entry into typings cache: 'cookie-signature' => '/home/josiah/.cache/typescript/4.2/node_modules/@types/cookie-signature/index.d.ts'
[21:08:38.254] Adding entry into typings cache: 'copyfiles' => '/home/josiah/.cache/typescript/4.2/node_modules/@types/copyfiles/index.d.ts'
[21:08:38.255] Adding entry into typings cache: 'core-js' => '/home/josiah/.cache/typescript/4.2/node_modules/@types/core-js/index.d.ts'
[21:08:38.255] Adding entry into typings cache: 'create-hash' => '/home/josiah/.cache/typescript/4.2/node_modules/@types/create-hash/index.d.ts'
[21:08:38.256] Adding entry into typings cache: 'create-hmac' => '/home/josiah/.cache/typescript/4.2/node_modules/@types/create-hmac/index.d.ts'
[21:08:38.256] Adding entry into typings cache: 'cross-spawn' => '/home/josiah/.cache/typescript/4.2/node_modules/@types/cross-spawn/index.d.ts'
[21:08:38.257] Adding entry into typings cache: 'crypto-js' => '/home/josiah/.cache/typescript/4.2/node_modules/@types/crypto-js/index.d.ts'
[21:08:38.257] Adding entry into typings cache: 'css' => '/home/josiah/.cache/typescript/4.2/node_modules/@types/css/index.d.ts'
[21:08:38.258] Adding entry into typings cache: 'css-declaration-sorter' => '/home/josiah/.cache/typescript/4.2/node_modules/@types/css-declaration-sorter/index.d.ts'
[21:08:38.258] Adding entry into typings cache: 'css-tree' => '/home/josiah/.cache/typescript/4.2/node_modules/@types/css-tree/index.d.ts'
[21:08:38.259] Adding entry into typings cache: 'cssesc' => '/home/josiah/.cache/typescript/4.2/node_modules/@types/cssesc/index.d.ts'
[21:08:38.259] Adding entry into typings cache: 'cssnano' => '/home/josiah/.cache/typescript/4.2/node_modules/@types/cssnano/index.d.ts'
[21:08:38.259] Adding entry into typings cache: 'csso' => '/home/josiah/.cache/typescript/4.2/node_modules/@types/csso/index.d.ts'
[21:08:38.260] Adding entry into typings cache: 'cssom' => '/home/josiah/.cache/typescript/4.2/node_modules/@types/cssom/index.d.ts'
[21:08:38.261] Adding entry into typings cache: 'cssstyle' => '/home/josiah/.cache/typescript/4.2/node_modules/@types/cssstyle/index.d.ts'
[21:08:38.261] Adding entry into typings cache: 'd' => '/home/josiah/.cache/typescript/4.2/node_modules/@types/d/index.d.ts'
[21:08:38.262] Adding entry into typings cache: 'damerau-levenshtein' => '/home/josiah/.cache/typescript/4.2/node_modules/@types/damerau-levenshtein/index.d.ts'
[21:08:38.263] Adding entry into typings cache: 'dashdash' => '/home/josiah/.cache/typescript/4.2/node_modules/@types/dashdash/index.d.ts'
[21:08:38.263] Adding entry into typings cache: 'data-urls' => '/home/josiah/.cache/typescript/4.2/node_modules/@types/data-urls/index.d.ts'
[21:08:38.264] Adding entry into typings cache: 'debug' => '/home/josiah/.cache/typescript/4.2/node_modules/@types/debug/index.d.ts'
[21:08:38.265] Adding entry into typings cache: 'decode-uri-component' => '/home/josiah/.cache/typescript/4.2/node_modules/@types/decode-uri-component/index.d.ts'
[21:08:38.265] Adding entry into typings cache: 'dedent' => '/home/josiah/.cache/typescript/4.2/node_modules/@types/dedent/index.d.ts'
[21:08:38.266] Adding entry into typings cache: 'deep-equal' => '/home/josiah/.cache/typescript/4.2/node_modules/@types/deep-equal/index.d.ts'
[21:08:38.267] Adding entry into typings cache: 'default-gateway' => '/home/josiah/.cache/typescript/4.2/node_modules/@types/default-gateway/index.d.ts'
[21:08:38.268] Adding entry into typings cache: 'define-properties' => '/home/josiah/.cache/typescript/4.2/node_modules/@types/define-properties/index.d.ts'
[21:08:38.268] Adding entry into typings cache: 'depd' => '/home/josiah/.cache/typescript/4.2/node_modules/@types/depd/index.d.ts'
[21:08:38.269] Adding entry into typings cache: 'destroy' => '/home/josiah/.cache/typescript/4.2/node_modules/@types/destroy/index.d.ts'
[21:08:38.270] Adding entry into typings cache: 'detect-node' => '/home/josiah/.cache/typescript/4.2/node_modules/@types/detect-node/index.d.ts'
[21:08:38.270] Adding entry into typings cache: 'diff' => '/home/josiah/.cache/typescript/4.2/node_modules/@types/diff/index.d.ts'
[21:08:38.271] Adding entry into typings cache: 'diffie-hellman' => '/home/josiah/.cache/typescript/4.2/node_modules/@types/diffie-hellman/index.d.ts'
[21:08:38.271] Adding entry into typings cache: 'dir-glob' => '/home/josiah/.cache/typescript/4.2/node_modules/@types/dir-glob/index.d.ts'
[21:08:38.272] Adding entry into typings cache: 'dns-packet' => '/home/josiah/.cache/typescript/4.2/node_modules/@types/dns-packet/index.d.ts'
[21:08:38.273] Adding entry into typings cache: 'doctrine' => '/home/josiah/.cache/typescript/4.2/node_modules/@types/doctrine/index.d.ts'
[21:08:38.274] Adding entry into typings cache: 'domexception' => '/home/josiah/.cache/typescript/4.2/node_modules/@types/domexception/index.d.ts'
[21:08:38.274] Adding entry into typings cache: 'domhandler' => '/home/josiah/.cache/typescript/4.2/node_modules/@types/domhandler/index.d.ts'
[21:08:38.275] Adding entry into typings cache: 'domutils' => '/home/josiah/.cache/typescript/4.2/node_modules/@types/domutils/index.d.ts'
[21:08:38.275] Adding entry into typings cache: 'duplexify' => '/home/josiah/.cache/typescript/4.2/node_modules/@types/duplexify/index.d.ts'
[21:08:38.276] Adding entry into typings cache: 'ee-first' => '/home/josiah/.cache/typescript/4.2/node_modules/@types/ee-first/index.d.ts'
[21:08:38.276] Adding entry into typings cache: 'ejs' => '/home/josiah/.cache/typescript/4.2/node_modules/@types/ejs/index.d.ts'
[21:08:38.277] Adding entry into typings cache: 'elliptic' => '/home/josiah/.cache/typescript/4.2/node_modules/@types/elliptic/index.d.ts'
[21:08:38.278] Adding entry into typings cache: 'encodeurl' => '/home/josiah/.cache/typescript/4.2/node_modules/@types/encodeurl/index.d.ts'
[21:08:38.278] Adding entry into typings cache: 'end-of-stream' => '/home/josiah/.cache/typescript/4.2/node_modules/@types/end-of-stream/index.d.ts'
[21:08:38.279] Adding entry into typings cache: 'enhanced-resolve' => '/home/josiah/.cache/typescript/4.2/node_modules/enhanced-resolve/types.d.ts'
[21:08:38.279] Adding entry into typings cache: 'enzyme' => '/home/josiah/.cache/typescript/4.2/node_modules/@types/enzyme/index.d.ts'
[21:08:38.280] Adding entry into typings cache: 'enzyme-adapter-react-16' => '/home/josiah/.cache/typescript/4.2/node_modules/@types/enzyme-adapter-react-16/index.d.ts'
[21:08:38.281] Adding entry into typings cache: 'enzyme-to-json' => '/home/josiah/.cache/typescript/4.2/node_modules/@types/enzyme-to-json/index.d.ts'
[21:08:38.281] Adding entry into typings cache: 'es-abstract' => '/home/josiah/.cache/typescript/4.2/node_modules/@types/es-abstract/index.d.ts'
[21:08:38.282] Adding entry into typings cache: 'es-to-primitive' => '/home/josiah/.cache/typescript/4.2/node_modules/@types/es-to-primitive/index.d.ts'
[21:08:38.282] Adding entry into typings cache: 'escape-html' => '/home/josiah/.cache/typescript/4.2/node_modules/@types/escape-html/index.d.ts'
[21:08:38.282] Adding entry into typings cache: 'escodegen' => '/home/josiah/.cache/typescript/4.2/node_modules/@types/escodegen/index.d.ts'
[21:08:38.283] Adding entry into typings cache: 'eslint' => '/home/josiah/.cache/typescript/4.2/node_modules/@types/eslint/index.d.ts'
[21:08:38.285] Adding entry into typings cache: 'eslint-scope' => '/home/josiah/.cache/typescript/4.2/node_modules/@types/eslint-scope/index.d.ts'
[21:08:38.285] Adding entry into typings cache: 'eslint-visitor-keys' => '/home/josiah/.cache/typescript/4.2/node_modules/@types/eslint-visitor-keys/index.d.ts'
[21:08:38.286] Adding entry into typings cache: 'esprima' => '/home/josiah/.cache/typescript/4.2/node_modules/@types/esprima/index.d.ts'
[21:08:38.286] Adding entry into typings cache: 'esquery' => '/home/josiah/.cache/typescript/4.2/node_modules/@types/esquery/index.d.ts'
[21:08:38.287] Adding entry into typings cache: 'estraverse' => '/home/josiah/.cache/typescript/4.2/node_modules/@types/estraverse/index.d.ts'
[21:08:38.287] Adding entry into typings cache: 'estree' => '/home/josiah/.cache/typescript/4.2/node_modules/@types/estree/index.d.ts'
[21:08:38.288] Adding entry into typings cache: 'etag' => '/home/josiah/.cache/typescript/4.2/node_modules/@types/etag/index.d.ts'
[21:08:38.289] Adding entry into typings cache: 'events' => '/home/josiah/.cache/typescript/4.2/node_modules/@types/events/index.d.ts'
[21:08:38.289] Adding entry into typings cache: 'eventsource' => '/home/josiah/.cache/typescript/4.2/node_modules/@types/eventsource/index.d.ts'
[21:08:38.289] Adding entry into typings cache: 'exit' => '/home/josiah/.cache/typescript/4.2/node_modules/@types/exit/index.d.ts'
[21:08:38.290] Adding entry into typings cache: 'express' => '/home/josiah/.cache/typescript/4.2/node_modules/@types/express/index.d.ts'
[21:08:38.290] Adding entry into typings cache: 'extend' => '/home/josiah/.cache/typescript/4.2/node_modules/@types/extend/index.d.ts'
[21:08:38.290] Adding entry into typings cache: 'extsprintf' => '/home/josiah/.cache/typescript/4.2/node_modules/@types/extsprintf/index.d.ts'
[21:08:38.290] Adding entry into typings cache: 'fast-levenshtein' => '/home/josiah/.cache/typescript/4.2/node_modules/@types/fast-levenshtein/index.d.ts'
[21:08:38.291] Adding entry into typings cache: 'fb-watchman' => '/home/josiah/.cache/typescript/4.2/node_modules/@types/fb-watchman/index.d.ts'
[21:08:38.291] Adding entry into typings cache: 'file-entry-cache' => '/home/josiah/.cache/typescript/4.2/node_modules/@types/file-entry-cache/index.d.ts'
[21:08:38.291] Adding entry into typings cache: 'file-loader' => '/home/josiah/.cache/typescript/4.2/node_modules/@types/file-loader/index.d.ts'
[21:08:38.292] Adding entry into typings cache: 'finalhandler' => '/home/josiah/.cache/typescript/4.2/node_modules/@types/finalhandler/index.d.ts'
[21:08:38.292] Adding entry into typings cache: 'find-cache-dir' => '/home/josiah/.cache/typescript/4.2/node_modules/@types/find-cache-dir/index.d.ts'
[21:08:38.293] Adding entry into typings cache: 'flat-cache' => '/home/josiah/.cache/typescript/4.2/node_modules/@types/flat-cache/index.d.ts'
[21:08:38.293] Adding entry into typings cache: 'flush-write-stream' => '/home/josiah/.cache/typescript/4.2/node_modules/@types/flush-write-stream/index.d.ts'
[21:08:38.294] Adding entry into typings cache: 'follow-redirects' => '/home/josiah/.cache/typescript/4.2/node_modules/@types/follow-redirects/index.d.ts'
[21:08:38.294] Adding entry into typings cache: 'forever-agent' => '/home/josiah/.cache/typescript/4.2/node_modules/@types/forever-agent/index.d.ts'
[21:08:38.294] Adding entry into typings cache: 'forwarded' => '/home/josiah/.cache/typescript/4.2/node_modules/@types/forwarded/index.d.ts'
[21:08:38.294] Adding entry into typings cache: 'fresh' => '/home/josiah/.cache/typescript/4.2/node_modules/@types/fresh/index.d.ts'
[21:08:38.295] Adding entry into typings cache: 'from2' => '/home/josiah/.cache/typescript/4.2/node_modules/@types/from2/index.d.ts'
[21:08:38.295] Adding entry into typings cache: 'fs-extra' => '/home/josiah/.cache/typescript/4.2/node_modules/@types/fs-extra/index.d.ts'
[21:08:38.296] Adding entry into typings cache: 'function-bind' => '/home/josiah/.cache/typescript/4.2/node_modules/@types/function-bind/index.d.ts'
[21:08:38.296] Adding entry into typings cache: 'functional-red-black-tree' => '/home/josiah/.cache/typescript/4.2/node_modules/@types/functional-red-black-tree/index.d.ts'
[21:08:38.296] Adding entry into typings cache: 'get-caller-file' => '/home/josiah/.cache/typescript/4.2/node_modules/@types/get-caller-file/index.d.ts'
[21:08:38.296] Adding entry into typings cache: 'get-intrinsic' => '/home/josiah/.cache/typescript/4.2/node_modules/@types/get-intrinsic/index.d.ts'
[21:08:38.297] Adding entry into typings cache: 'get-value' => '/home/josiah/.cache/typescript/4.2/node_modules/@types/get-value/index.d.ts'
[21:08:38.297] Adding entry into typings cache: 'getpass' => '/home/josiah/.cache/typescript/4.2/node_modules/@types/getpass/index.d.ts'
[21:08:38.298] Adding entry into typings cache: 'glob' => '/home/josiah/.cache/typescript/4.2/node_modules/@types/glob/index.d.ts'
[21:08:38.298] Adding entry into typings cache: 'glob-parent' => '/home/josiah/.cache/typescript/4.2/node_modules/@types/glob-parent/index.d.ts'
[21:08:38.299] Adding entry into typings cache: 'global-modules' => '/home/josiah/.cache/typescript/4.2/node_modules/@types/global-modules/index.d.ts'
[21:08:38.299] Adding entry into typings cache: 'global-prefix' => '/home/josiah/.cache/typescript/4.2/node_modules/@types/global-prefix/index.d.ts'
[21:08:38.300] Adding entry into typings cache: 'graceful-fs' => '/home/josiah/.cache/typescript/4.2/node_modules/@types/graceful-fs/index.d.ts'
[21:08:38.300] Adding entry into typings cache: 'has' => '/home/josiah/.cache/typescript/4.2/node_modules/@types/has/index.d.ts'
[21:08:38.300] Adding entry into typings cache: 'has-symbols' => '/home/josiah/.cache/typescript/4.2/node_modules/@types/has-symbols/index.d.ts'
[21:08:38.300] Adding entry into typings cache: 'he' => '/home/josiah/.cache/typescript/4.2/node_modules/@types/he/index.d.ts'
[21:08:38.301] Adding entry into typings cache: 'hex-color-regex' => '/home/josiah/.cache/typescript/4.2/node_modules/@types/hex-color-regex/index.d.ts'
[21:08:38.301] Adding entry into typings cache: 'history' => '/home/josiah/.cache/typescript/4.2/node_modules/@types/history/index.d.ts'
[21:08:38.302] Adding entry into typings cache: 'hoist-non-react-statics' => '/home/josiah/.cache/typescript/4.2/node_modules/@types/hoist-non-react-statics/index.d.ts'
[21:08:38.302] Adding entry into typings cache: 'hosted-git-info' => '/home/josiah/.cache/typescript/4.2/node_modules/@types/hosted-git-info/index.d.ts'
[21:08:38.302] Adding entry into typings cache: 'hsl-to-hex' => '/home/josiah/.cache/typescript/4.2/node_modules/@types/hsl-to-hex/index.d.ts'
[21:08:38.302] Adding entry into typings cache: 'html-encoding-sniffer' => '/home/josiah/.cache/typescript/4.2/node_modules/@types/html-encoding-sniffer/index.d.ts'
[21:08:38.303] Adding entry into typings cache: 'html-escaper' => '/home/josiah/.cache/typescript/4.2/node_modules/@types/html-escaper/index.d.ts'
[21:08:38.303] Adding entry into typings cache: 'html-minifier-terser' => '/home/josiah/.cache/typescript/4.2/node_modules/@types/html-minifier-terser/index.d.ts'
[21:08:38.304] Adding entry into typings cache: 'htmlparser2' => '/home/josiah/.cache/typescript/4.2/node_modules/@types/htmlparser2/index.d.ts'
[21:08:38.304] Adding entry into typings cache: 'http-errors' => '/home/josiah/.cache/typescript/4.2/node_modules/@types/http-errors/index.d.ts'
[21:08:38.305] Adding entry into typings cache: 'http-proxy' => '/home/josiah/.cache/typescript/4.2/node_modules/@types/http-proxy/index.d.ts'
[21:08:38.305] Adding entry into typings cache: 'hyphen' => '/home/josiah/.cache/typescript/4.2/node_modules/@types/hyphen/index.d.ts'
[21:08:38.306] Adding entry into typings cache: 'hyphenate-style-name' => '/home/josiah/.cache/typescript/4.2/node_modules/@types/hyphenate-style-name/index.d.ts'
[21:08:38.306] Adding entry into typings cache: 'icss-utils' => '/home/josiah/.cache/typescript/4.2/node_modules/@types/icss-utils/index.d.ts'
[21:08:38.306] Adding entry into typings cache: 'iferr' => '/home/josiah/.cache/typescript/4.2/node_modules/@types/iferr/index.d.ts'
[21:08:38.307] Adding entry into typings cache: 'imurmurhash' => '/home/josiah/.cache/typescript/4.2/node_modules/@types/imurmurhash/index.d.ts'
[21:08:38.307] Adding entry into typings cache: 'inherits' => '/home/josiah/.cache/typescript/4.2/node_modules/@types/inherits/index.d.ts'
[21:08:38.308] Adding entry into typings cache: 'ini' => '/home/josiah/.cache/typescript/4.2/node_modules/@types/ini/index.d.ts'
[21:08:38.308] Adding entry into typings cache: 'internal-slot' => '/home/josiah/.cache/typescript/4.2/node_modules/@types/internal-slot/index.d.ts'
[21:08:38.308] Adding entry into typings cache: 'ip' => '/home/josiah/.cache/typescript/4.2/node_modules/@types/ip/index.d.ts'
[21:08:38.309] Adding entry into typings cache: 'is-arguments' => '/home/josiah/.cache/typescript/4.2/node_modules/@types/is-arguments/index.d.ts'
[21:08:38.310] Adding entry into typings cache: 'is-buffer' => '/home/josiah/.cache/typescript/4.2/node_modules/@types/is-buffer/index.d.ts'
[21:08:38.311] Adding entry into typings cache: 'is-callable' => '/home/josiah/.cache/typescript/4.2/node_modules/@types/is-callable/index.d.ts'
[21:08:38.311] Adding entry into typings cache: 'is-ci' => '/home/josiah/.cache/typescript/4.2/node_modules/@types/is-ci/index.d.ts'
[21:08:38.312] Adding entry into typings cache: 'is-core-module' => '/home/josiah/.cache/typescript/4.2/node_modules/@types/is-core-module/index.d.ts'
[21:08:38.312] Adding entry into typings cache: 'is-date-object' => '/home/josiah/.cache/typescript/4.2/node_modules/@types/is-date-object/index.d.ts'
[21:08:38.313] Adding entry into typings cache: 'is-glob' => '/home/josiah/.cache/typescript/4.2/node_modules/@types/is-glob/index.d.ts'
[21:08:38.314] Adding entry into typings cache: 'is-number' => '/home/josiah/.cache/typescript/4.2/node_modules/@types/is-number/index.d.ts'
[21:08:38.314] Adding entry into typings cache: 'is-regex' => '/home/josiah/.cache/typescript/4.2/node_modules/@types/is-regex/index.d.ts'
[21:08:38.314] Adding entry into typings cache: 'is-typedarray' => '/home/josiah/.cache/typescript/4.2/node_modules/@types/is-typedarray/index.d.ts'
[21:08:38.315] Adding entry into typings cache: 'is-url' => '/home/josiah/.cache/typescript/4.2/node_modules/@types/is-url/index.d.ts'
[21:08:38.315] Adding entry into typings cache: 'is-windows' => '/home/josiah/.cache/typescript/4.2/node_modules/@types/is-windows/index.d.ts'
[21:08:38.316] Adding entry into typings cache: 'isarray' => '/home/josiah/.cache/typescript/4.2/node_modules/@types/isarray/index.d.ts'
[21:08:38.317] Adding entry into typings cache: 'isexe' => '/home/josiah/.cache/typescript/4.2/node_modules/@types/isexe/index.d.ts'
[21:08:38.317] Adding entry into typings cache: 'isstream' => '/home/josiah/.cache/typescript/4.2/node_modules/@types/isstream/index.d.ts'
[21:08:38.317] Adding entry into typings cache: 'istanbul-lib-coverage' => '/home/josiah/.cache/typescript/4.2/node_modules/@types/istanbul-lib-coverage/index.d.ts'
[21:08:38.318] Adding entry into typings cache: 'istanbul-lib-instrument' => '/home/josiah/.cache/typescript/4.2/node_modules/@types/istanbul-lib-instrument/index.d.ts'
[21:08:38.318] Adding entry into typings cache: 'istanbul-lib-report' => '/home/josiah/.cache/typescript/4.2/node_modules/@types/istanbul-lib-report/index.d.ts'
[21:08:38.318] Adding entry into typings cache: 'istanbul-lib-source-maps' => '/home/josiah/.cache/typescript/4.2/node_modules/@types/istanbul-lib-source-maps/index.d.ts'
[21:08:38.319] Adding entry into typings cache: 'istanbul-reports' => '/home/josiah/.cache/typescript/4.2/node_modules/@types/istanbul-reports/index.d.ts'
[21:08:38.319] Adding entry into typings cache: 'js-cookie' => '/home/josiah/.cache/typescript/4.2/node_modules/@types/js-cookie/index.d.ts'
[21:08:38.319] Adding entry into typings cache: 'js-yaml' => '/home/josiah/.cache/typescript/4.2/node_modules/@types/js-yaml/index.d.ts'
[21:08:38.320] Adding entry into typings cache: 'jsbn' => '/home/josiah/.cache/typescript/4.2/node_modules/@types/jsbn/index.d.ts'
[21:08:38.320] Adding entry into typings cache: 'jsdom' => '/home/josiah/.cache/typescript/4.2/node_modules/@types/jsdom/index.d.ts'
[21:08:38.320] Adding entry into typings cache: 'jsesc' => '/home/josiah/.cache/typescript/4.2/node_modules/@types/jsesc/index.d.ts'
[21:08:38.321] Adding entry into typings cache: 'json-parse-better-errors' => '/home/josiah/.cache/typescript/4.2/node_modules/@types/json-parse-better-errors/index.d.ts'
[21:08:38.322] Adding entry into typings cache: 'json-schema' => '/home/josiah/.cache/typescript/4.2/node_modules/@types/json-schema/index.d.ts'
[21:08:38.322] Adding entry into typings cache: 'json-stringify-safe' => '/home/josiah/.cache/typescript/4.2/node_modules/@types/json-stringify-safe/index.d.ts'
[21:08:38.322] Adding entry into typings cache: 'json3' => '/home/josiah/.cache/typescript/4.2/node_modules/@types/json3/index.d.ts'
[21:08:38.323] Adding entry into typings cache: 'jsonfile' => '/home/josiah/.cache/typescript/4.2/node_modules/@types/jsonfile/index.d.ts'
[21:08:38.324] Adding entry into typings cache: 'kind-of' => '/home/josiah/.cache/typescript/4.2/node_modules/@types/kind-of/index.d.ts'
[21:08:38.324] Adding entry into typings cache: 'language-tags' => '/home/josiah/.cache/typescript/4.2/node_modules/@types/language-tags/index.d.ts'
[21:08:38.325] Adding entry into typings cache: 'loader-runner' => '/home/josiah/.cache/typescript/4.2/node_modules/@types/loader-runner/index.d.ts'
[21:08:38.325] Adding entry into typings cache: 'loader-utils' => '/home/josiah/.cache/typescript/4.2/node_modules/@types/loader-utils/index.d.ts'
[21:08:38.325] Adding entry into typings cache: 'lodash' => '/home/josiah/.cache/typescript/4.2/node_modules/@types/lodash/index.d.ts'
[21:08:38.326] Adding entry into typings cache: 'lodash.debounce' => '/home/josiah/.cache/typescript/4.2/node_modules/@types/lodash.debounce/index.d.ts'
[21:08:38.326] Adding entry into typings cache: 'lodash.memoize' => '/home/josiah/.cache/typescript/4.2/node_modules/@types/lodash.memoize/index.d.ts'
[21:08:38.326] Adding entry into typings cache: 'lodash.sortby' => '/home/josiah/.cache/typescript/4.2/node_modules/@types/lodash.sortby/index.d.ts'
[21:08:38.326] Adding entry into typings cache: 'lodash.template' => '/home/josiah/.cache/typescript/4.2/node_modules/@types/lodash.template/index.d.ts'
[21:08:38.327] Adding entry into typings cache: 'lodash.uniq' => '/home/josiah/.cache/typescript/4.2/node_modules/@types/lodash.uniq/index.d.ts'
[21:08:38.327] Adding entry into typings cache: 'lolex' => '/home/josiah/.cache/typescript/4.2/node_modules/@types/lolex/index.d.ts'
[21:08:38.327] Adding entry into typings cache: 'lru-cache' => '/home/josiah/.cache/typescript/4.2/node_modules/@types/lru-cache/index.d.ts'
[21:08:38.327] Adding entry into typings cache: 'lz-string' => '/home/josiah/.cache/typescript/4.2/node_modules/@types/lz-string/index.d.ts'
[21:08:38.328] Adding entry into typings cache: 'media-typer' => '/home/josiah/.cache/typescript/4.2/node_modules/@types/media-typer/index.d.ts'
[21:08:38.328] Adding entry into typings cache: 'memory-fs' => '/home/josiah/.cache/typescript/4.2/node_modules/@types/memory-fs/index.d.ts'
[21:08:38.328] Adding entry into typings cache: 'merge-descriptors' => '/home/josiah/.cache/typescript/4.2/node_modules/@types/merge-descriptors/index.d.ts'
[21:08:38.329] Adding entry into typings cache: 'merge-stream' => '/home/josiah/.cache/typescript/4.2/node_modules/@types/merge-stream/index.d.ts'
[21:08:38.329] Adding entry into typings cache: 'merge2' => '/home/josiah/.cache/typescript/4.2/node_modules/@types/merge2/index.d.ts'
[21:08:38.329] Adding entry into typings cache: 'methods' => '/home/josiah/.cache/typescript/4.2/node_modules/@types/methods/index.d.ts'
[21:08:38.330] Adding entry into typings cache: 'micromatch' => '/home/josiah/.cache/typescript/4.2/node_modules/@types/micromatch/index.d.ts'
[21:08:38.330] Adding entry into typings cache: 'mime' => '/home/josiah/.cache/typescript/4.2/node_modules/@types/mime/index.d.ts'
[21:08:38.331] Adding entry into typings cache: 'mime-db' => '/home/josiah/.cache/typescript/4.2/node_modules/@types/mime-db/index.d.ts'
[21:08:38.331] Adding entry into typings cache: 'mime-types' => '/home/josiah/.cache/typescript/4.2/node_modules/@types/mime-types/index.d.ts'
[21:08:38.331] Adding entry into typings cache: 'min-indent' => '/home/josiah/.cache/typescript/4.2/node_modules/@types/min-indent/index.d.ts'
[21:08:38.332] Adding entry into typings cache: 'mini-css-extract-plugin' => '/home/josiah/.cache/typescript/4.2/node_modules/@types/mini-css-extract-plugin/index.d.ts'
[21:08:38.332] Adding entry into typings cache: 'minimalistic-assert' => '/home/josiah/.cache/typescript/4.2/node_modules/@types/minimalistic-assert/index.d.ts'
[21:08:38.332] Adding entry into typings cache: 'minimatch' => '/home/josiah/.cache/typescript/4.2/node_modules/@types/minimatch/index.d.ts'
[21:08:38.332] Adding entry into typings cache: 'minimist' => '/home/josiah/.cache/typescript/4.2/node_modules/@types/minimist/index.d.ts'
[21:08:38.333] Adding entry into typings cache: 'minipass' => '/home/josiah/.cache/typescript/4.2/node_modules/@types/minipass/index.d.ts'
[21:08:38.333] Adding entry into typings cache: 'minizlib' => '/home/josiah/.cache/typescript/4.2/node_modules/@types/minizlib/index.d.ts'
[21:08:38.333] Adding entry into typings cache: 'mkdirp' => '/home/josiah/.cache/typescript/4.2/node_modules/@types/mkdirp/index.d.ts'
[21:08:38.333] Adding entry into typings cache: 'move-concurrently' => '/home/josiah/.cache/typescript/4.2/node_modules/@types/move-concurrently/index.d.ts'
[21:08:38.334] Adding entry into typings cache: 'ms' => '/home/josiah/.cache/typescript/4.2/node_modules/@types/ms/index.d.ts'
[21:08:38.334] Adding entry into typings cache: 'multicast-dns' => '/home/josiah/.cache/typescript/4.2/node_modules/@types/multicast-dns/index.d.ts'
[21:08:38.334] Adding entry into typings cache: 'natural-compare' => '/home/josiah/.cache/typescript/4.2/node_modules/@types/natural-compare/index.d.ts'
[21:08:38.334] Adding entry into typings cache: 'negotiator' => '/home/josiah/.cache/typescript/4.2/node_modules/@types/negotiator/index.d.ts'
[21:08:38.335] Adding entry into typings cache: 'next-tick' => '/home/josiah/.cache/typescript/4.2/node_modules/@types/next-tick/index.d.ts'
[21:08:38.335] Adding entry into typings cache: 'nice-try' => '/home/josiah/.cache/typescript/4.2/node_modules/@types/nice-try/index.d.ts'
[21:08:38.335] Adding entry into typings cache: 'nise' => '/home/josiah/.cache/typescript/4.2/node_modules/@types/nise/index.d.ts'
[21:08:38.336] Adding entry into typings cache: 'node-fetch' => '/home/josiah/.cache/typescript/4.2/node_modules/@types/node-fetch/index.d.ts'
[21:08:38.336] Adding entry into typings cache: 'node-forge' => '/home/josiah/.cache/typescript/4.2/node_modules/@types/node-forge/index.d.ts'
[21:08:38.336] Adding entry into typings cache: 'node-int64' => '/home/josiah/.cache/typescript/4.2/node_modules/@types/node-int64/index.d.ts'
[21:08:38.336] Adding entry into typings cache: 'node-notifier' => '/home/josiah/.cache/typescript/4.2/node_modules/@types/node-notifier/index.d.ts'
[21:08:38.337] Adding entry into typings cache: 'normalize-package-data' => '/home/josiah/.cache/typescript/4.2/node_modules/@types/normalize-package-data/index.d.ts'
[21:08:38.338] Adding entry into typings cache: 'normalize-path' => '/home/josiah/.cache/typescript/4.2/node_modules/@types/normalize-path/index.d.ts'
[21:08:38.338] Adding entry into typings cache: 'num2fraction' => '/home/josiah/.cache/typescript/4.2/node_modules/@types/num2fraction/index.d.ts'
[21:08:38.338] Adding entry into typings cache: 'nwsapi' => '/home/josiah/.cache/typescript/4.2/node_modules/@types/nwsapi/index.d.ts'
[21:08:38.338] Adding entry into typings cache: 'object-assign' => '/home/josiah/.cache/typescript/4.2/node_modules/@types/object-assign/index.d.ts'
[21:08:38.339] Adding entry into typings cache: 'object-inspect' => '/home/josiah/.cache/typescript/4.2/node_modules/@types/object-inspect/index.d.ts'
[21:08:38.339] Adding entry into typings cache: 'object-keys' => '/home/josiah/.cache/typescript/4.2/node_modules/@types/object-keys/index.d.ts'
[21:08:38.339] Adding entry into typings cache: 'object.fromentries' => '/home/josiah/.cache/typescript/4.2/node_modules/@types/object.fromentries/index.d.ts'
[21:08:38.339] Adding entry into typings cache: 'object.getownpropertydescriptors' => '/home/josiah/.cache/typescript/4.2/node_modules/@types/object.getownpropertydescriptors/index.d.ts'
[21:08:38.340] Adding entry into typings cache: 'object.pick' => '/home/josiah/.cache/typescript/4.2/node_modules/@types/object.pick/index.d.ts'
[21:08:38.340] Adding entry into typings cache: 'on-finished' => '/home/josiah/.cache/typescript/4.2/node_modules/@types/on-finished/index.d.ts'
[21:08:38.340] Adding entry into typings cache: 'on-headers' => '/home/josiah/.cache/typescript/4.2/node_modules/@types/on-headers/index.d.ts'
[21:08:38.340] Adding entry into typings cache: 'once' => '/home/josiah/.cache/typescript/4.2/node_modules/@types/once/index.d.ts'
[21:08:38.340] Adding entry into typings cache: 'optimize-css-assets-webpack-plugin' => '/home/josiah/.cache/typescript/4.2/node_modules/@types/optimize-css-assets-webpack-plugin/index.d.ts'
[21:08:38.341] Adding entry into typings cache: 'original' => '/home/josiah/.cache/typescript/4.2/node_modules/@types/original/index.d.ts'
[21:08:38.341] Adding entry into typings cache: 'paho-mqtt' => '/home/josiah/.cache/typescript/4.2/node_modules/@types/paho-mqtt/index.d.ts'
[21:08:38.341] Adding entry into typings cache: 'pako' => '/home/josiah/.cache/typescript/4.2/node_modules/@types/pako/index.d.ts'
[21:08:38.341] Adding entry into typings cache: 'parallel-transform' => '/home/josiah/.cache/typescript/4.2/node_modules/@types/parallel-transform/index.d.ts'
[21:08:38.342] Adding entry into typings cache: 'parse-json' => '/home/josiah/.cache/typescript/4.2/node_modules/@types/parse-json/index.d.ts'
[21:08:38.342] Adding entry into typings cache: 'parse5' => '/home/josiah/.cache/typescript/4.2/node_modules/@types/parse5/index.d.ts'
[21:08:38.342] Adding entry into typings cache: 'parseurl' => '/home/josiah/.cache/typescript/4.2/node_modules/@types/parseurl/index.d.ts'
[21:08:38.343] Adding entry into typings cache: 'pascalcase' => '/home/josiah/.cache/typescript/4.2/node_modules/@types/pascalcase/index.d.ts'
[21:08:38.343] Adding entry into typings cache: 'path-is-absolute' => '/home/josiah/.cache/typescript/4.2/node_modules/@types/path-is-absolute/index.d.ts'
[21:08:38.343] Adding entry into typings cache: 'path-is-inside' => '/home/josiah/.cache/typescript/4.2/node_modules/@types/path-is-inside/index.d.ts'
[21:08:38.344] Adding entry into typings cache: 'path-parse' => '/home/josiah/.cache/typescript/4.2/node_modules/@types/path-parse/index.d.ts'
[21:08:38.344] Adding entry into typings cache: 'pbkdf2' => '/home/josiah/.cache/typescript/4.2/node_modules/@types/pbkdf2/index.d.ts'
[21:08:38.345] Adding entry into typings cache: 'picomatch' => '/home/josiah/.cache/typescript/4.2/node_modules/@types/picomatch/index.d.ts'
[21:08:38.345] Adding entry into typings cache: 'pify' => '/home/josiah/.cache/typescript/4.2/node_modules/@types/pify/index.d.ts'
[21:08:38.345] Adding entry into typings cache: 'pngjs' => '/home/josiah/.cache/typescript/4.2/node_modules/@types/pngjs/index.d.ts'
[21:08:38.345] Adding entry into typings cache: 'postcss-calc' => '/home/josiah/.cache/typescript/4.2/node_modules/@types/postcss-calc/index.d.ts'
[21:08:38.346] Adding entry into typings cache: 'postcss-custom-properties' => '/home/josiah/.cache/typescript/4.2/node_modules/@types/postcss-custom-properties/index.d.ts'
[21:08:38.346] Adding entry into typings cache: 'postcss-flexbugs-fixes' => '/home/josiah/.cache/typescript/4.2/node_modules/@types/postcss-flexbugs-fixes/index.d.ts'
[21:08:38.346] Adding entry into typings cache: 'postcss-focus-within' => '/home/josiah/.cache/typescript/4.2/node_modules/@types/postcss-focus-within/index.d.ts'
[21:08:38.346] Adding entry into typings cache: 'postcss-gap-properties' => '/home/josiah/.cache/typescript/4.2/node_modules/@types/postcss-gap-properties/index.d.ts'
[21:08:38.346] Adding entry into typings cache: 'postcss-load-config' => '/home/josiah/.cache/typescript/4.2/node_modules/@types/postcss-load-config/index.d.ts'
[21:08:38.347] Adding entry into typings cache: 'postcss-modules-extract-imports' => '/home/josiah/.cache/typescript/4.2/node_modules/@types/postcss-modules-extract-imports/index.d.ts'
[21:08:38.347] Adding entry into typings cache: 'postcss-modules-local-by-default' => '/home/josiah/.cache/typescript/4.2/node_modules/@types/postcss-modules-local-by-default/index.d.ts'
[21:08:38.347] Adding entry into typings cache: 'postcss-modules-scope' => '/home/josiah/.cache/typescript/4.2/node_modules/@types/postcss-modules-scope/index.d.ts'
[21:08:38.347] Adding entry into typings cache: 'postcss-modules-values' => '/home/josiah/.cache/typescript/4.2/node_modules/@types/postcss-modules-values/index.d.ts'
[21:08:38.348] Adding entry into typings cache: 'postcss-normalize' => '/home/josiah/.cache/typescript/4.2/node_modules/@types/postcss-normalize/index.d.ts'
[21:08:38.348] Adding entry into typings cache: 'postcss-preset-env' => '/home/josiah/.cache/typescript/4.2/node_modules/@types/postcss-preset-env/index.d.ts'
[21:08:38.348] Adding entry into typings cache: 'postcss-safe-parser' => '/home/josiah/.cache/typescript/4.2/node_modules/@types/postcss-safe-parser/index.d.ts'
[21:08:38.348] Adding entry into typings cache: 'prelude-ls' => '/home/josiah/.cache/typescript/4.2/node_modules/@types/prelude-ls/index.d.ts'
[21:08:38.348] Adding entry into typings cache: 'prettier' => '/home/josiah/.cache/typescript/4.2/node_modules/@types/prettier/index.d.ts'
[21:08:38.349] Adding entry into typings cache: 'progress' => '/home/josiah/.cache/typescript/4.2/node_modules/@types/progress/index.d.ts'
[21:08:38.349] Adding entry into typings cache: 'promise-inflight' => '/home/josiah/.cache/typescript/4.2/node_modules/@types/promise-inflight/index.d.ts'
[21:08:38.349] Adding entry into typings cache: 'prompts' => '/home/josiah/.cache/typescript/4.2/node_modules/@types/prompts/index.d.ts'
[21:08:38.349] Adding entry into typings cache: 'prop-types' => '/home/josiah/.cache/typescript/4.2/node_modules/@types/prop-types/index.d.ts'
[21:08:38.349] Adding entry into typings cache: 'proxy-addr' => '/home/josiah/.cache/typescript/4.2/node_modules/@types/proxy-addr/index.d.ts'
[21:08:38.350] Adding entry into typings cache: 'psl' => '/home/josiah/.cache/typescript/4.2/node_modules/@types/psl/index.d.ts'
[21:08:38.350] Adding entry into typings cache: 'pump' => '/home/josiah/.cache/typescript/4.2/node_modules/@types/pump/index.d.ts'
[21:08:38.350] Adding entry into typings cache: 'pumpify' => '/home/josiah/.cache/typescript/4.2/node_modules/@types/pumpify/index.d.ts'
[21:08:38.351] Adding entry into typings cache: 'punycode' => '/home/josiah/.cache/typescript/4.2/node_modules/@types/punycode/index.d.ts'
[21:08:38.351] Adding entry into typings cache: 'q' => '/home/josiah/.cache/typescript/4.2/node_modules/@types/q/index.d.ts'
[21:08:38.351] Adding entry into typings cache: 'qrcode' => '/home/josiah/.cache/typescript/4.2/node_modules/@types/qrcode/index.d.ts'
[21:08:38.352] Adding entry into typings cache: 'qs' => '/home/josiah/.cache/typescript/4.2/node_modules/@types/qs/index.d.ts'
[21:08:38.352] Adding entry into typings cache: 'querystringify' => '/home/josiah/.cache/typescript/4.2/node_modules/@types/querystringify/index.d.ts'
[21:08:38.352] Adding entry into typings cache: 'raf' => '/home/josiah/.cache/typescript/4.2/node_modules/@types/raf/index.d.ts'
[21:08:38.353] Adding entry into typings cache: 'ramda' => '/home/josiah/.cache/typescript/4.2/node_modules/@types/ramda/index.d.ts'
[21:08:38.353] Adding entry into typings cache: 'randombytes' => '/home/josiah/.cache/typescript/4.2/node_modules/@types/randombytes/index.d.ts'
[21:08:38.353] Adding entry into typings cache: 'range-parser' => '/home/josiah/.cache/typescript/4.2/node_modules/@types/range-parser/index.d.ts'
[21:08:38.354] Adding entry into typings cache: 'react' => '/home/josiah/.cache/typescript/4.2/node_modules/@types/react/index.d.ts'
[21:08:38.354] Adding entry into typings cache: 'react-dev-utils' => '/home/josiah/.cache/typescript/4.2/node_modules/@types/react-dev-utils/index.d.ts'
[21:08:38.354] Adding entry into typings cache: 'react-dom' => '/home/josiah/.cache/typescript/4.2/node_modules/@types/react-dom/index.d.ts'
[21:08:38.355] Adding entry into typings cache: 'react-is' => '/home/josiah/.cache/typescript/4.2/node_modules/@types/react-is/index.d.ts'
[21:08:38.356] Adding entry into typings cache: 'react-reconciler' => '/home/josiah/.cache/typescript/4.2/node_modules/@types/react-reconciler/index.d.ts'
[21:08:38.357] Adding entry into typings cache: 'react-redux' => '/home/josiah/.cache/typescript/4.2/node_modules/@types/react-redux/index.d.ts'
[21:08:38.357] Adding entry into typings cache: 'react-router' => '/home/josiah/.cache/typescript/4.2/node_modules/@types/react-router/index.d.ts'
[21:08:38.358] Adding entry into typings cache: 'react-router-dom' => '/home/josiah/.cache/typescript/4.2/node_modules/@types/react-router-dom/index.d.ts'
[21:08:38.358] Adding entry into typings cache: 'react-transition-group' => '/home/josiah/.cache/typescript/4.2/node_modules/@types/react-transition-group/index.d.ts'
[21:08:38.359] Adding entry into typings cache: 'readable-stream' => '/home/josiah/.cache/typescript/4.2/node_modules/@types/readable-stream/index.d.ts'
[21:08:38.359] Adding entry into typings cache: 'recursive-readdir' => '/home/josiah/.cache/typescript/4.2/node_modules/@types/recursive-readdir/index.d.ts'
[21:08:38.359] Adding entry into typings cache: 'regenerate' => '/home/josiah/.cache/typescript/4.2/node_modules/@types/regenerate/index.d.ts'
[21:08:38.360] Adding entry into typings cache: 'regenerator-runtime' => '/home/josiah/.cache/typescript/4.2/node_modules/@types/regenerator-runtime/index.d.ts'
[21:08:38.360] Adding entry into typings cache: 'relateurl' => '/home/josiah/.cache/typescript/4.2/node_modules/@types/relateurl/index.d.ts'
[21:08:38.360] Adding entry into typings cache: 'repeat-element' => '/home/josiah/.cache/typescript/4.2/node_modules/@types/repeat-element/index.d.ts'
[21:08:38.361] Adding entry into typings cache: 'repeat-string' => '/home/josiah/.cache/typescript/4.2/node_modules/@types/repeat-string/index.d.ts'
[21:08:38.361] Adding entry into typings cache: 'request' => '/home/josiah/.cache/typescript/4.2/node_modules/@types/request/index.d.ts'
[21:08:38.361] Adding entry into typings cache: 'request-promise-native' => '/home/josiah/.cache/typescript/4.2/node_modules/@types/request-promise-native/index.d.ts'
[21:08:38.362] Adding entry into typings cache: 'require-directory' => '/home/josiah/.cache/typescript/4.2/node_modules/@types/require-directory/index.d.ts'
[21:08:38.363] Adding entry into typings cache: 'require-from-string' => '/home/josiah/.cache/typescript/4.2/node_modules/@types/require-from-string/index.d.ts'
[21:08:38.363] Adding entry into typings cache: 'requires-port' => '/home/josiah/.cache/typescript/4.2/node_modules/@types/requires-port/index.d.ts'
[21:08:38.363] Adding entry into typings cache: 'resolve' => '/home/josiah/.cache/typescript/4.2/node_modules/@types/resolve/index.d.ts'
[21:08:38.364] Adding entry into typings cache: 'retry' => '/home/josiah/.cache/typescript/4.2/node_modules/@types/retry/index.d.ts'
[21:08:38.364] Adding entry into typings cache: 'rimraf' => '/home/josiah/.cache/typescript/4.2/node_modules/@types/rimraf/index.d.ts'
[21:08:38.364] Adding entry into typings cache: 'ripemd160' => '/home/josiah/.cache/typescript/4.2/node_modules/@types/ripemd160/index.d.ts'
[21:08:38.364] Adding entry into typings cache: 'rsvp' => '/home/josiah/.cache/typescript/4.2/node_modules/@types/rsvp/index.d.ts'
[21:08:38.365] Adding entry into typings cache: 'run-parallel' => '/home/josiah/.cache/typescript/4.2/node_modules/@types/run-parallel/index.d.ts'
[21:08:38.365] Adding entry into typings cache: 'safe-regex' => '/home/josiah/.cache/typescript/4.2/node_modules/@types/safe-regex/index.d.ts'
[21:08:38.365] Adding entry into typings cache: 'safer-buffer' => '/home/josiah/.cache/typescript/4.2/node_modules/@types/safer-buffer/index.d.ts'
[21:08:38.365] Adding entry into typings cache: 'sane' => '/home/josiah/.cache/typescript/4.2/node_modules/@types/sane/index.d.ts'
[21:08:38.366] Adding entry into typings cache: 'sass-loader' => '/home/josiah/.cache/typescript/4.2/node_modules/@types/sass-loader/index.d.ts'
[21:08:38.367] Adding entry into typings cache: 'sax' => '/home/josiah/.cache/typescript/4.2/node_modules/@types/sax/index.d.ts'
[21:08:38.367] Adding entry into typings cache: 'scheduler' => '/home/josiah/.cache/typescript/4.2/node_modules/@types/scheduler/index.d.ts'
[21:08:38.368] Adding entry into typings cache: 'semver' => '/home/josiah/.cache/typescript/4.2/node_modules/@types/semver/index.d.ts'
[21:08:38.368] Adding entry into typings cache: 'send' => '/home/josiah/.cache/typescript/4.2/node_modules/@types/send/index.d.ts'
[21:08:38.368] Adding entry into typings cache: 'serialize-javascript' => '/home/josiah/.cache/typescript/4.2/node_modules/@types/serialize-javascript/index.d.ts'
[21:08:38.368] Adding entry into typings cache: 'serve-index' => '/home/josiah/.cache/typescript/4.2/node_modules/@types/serve-index/index.d.ts'
[21:08:38.369] Adding entry into typings cache: 'serve-static' => '/home/josiah/.cache/typescript/4.2/node_modules/@types/serve-static/index.d.ts'
[21:08:38.369] Adding entry into typings cache: 'set-value' => '/home/josiah/.cache/typescript/4.2/node_modules/@types/set-value/index.d.ts'
[21:08:38.369] Adding entry into typings cache: 'setimmediate' => '/home/josiah/.cache/typescript/4.2/node_modules/@types/setimmediate/index.d.ts'
[21:08:38.370] Adding entry into typings cache: 'sha.js' => '/home/josiah/.cache/typescript/4.2/node_modules/@types/sha.js/index.d.ts'
[21:08:38.370] Adding entry into typings cache: 'shebang-command' => '/home/josiah/.cache/typescript/4.2/node_modules/@types/shebang-command/index.d.ts'
[21:08:38.370] Adding entry into typings cache: 'shell-quote' => '/home/josiah/.cache/typescript/4.2/node_modules/@types/shell-quote/index.d.ts'
[21:08:38.370] Adding entry into typings cache: 'signal-exit' => '/home/josiah/.cache/typescript/4.2/node_modules/@types/signal-exit/index.d.ts'
[21:08:38.370] Adding entry into typings cache: 'sinon' => '/home/josiah/.cache/typescript/4.2/node_modules/@types/sinon/index.d.ts'
[21:08:38.371] Adding entry into typings cache: 'slice-ansi' => '/home/josiah/.cache/typescript/4.2/node_modules/@types/slice-ansi/index.d.ts'
[21:08:38.371] Adding entry into typings cache: 'sockjs' => '/home/josiah/.cache/typescript/4.2/node_modules/@types/sockjs/index.d.ts'
[21:08:38.371] Adding entry into typings cache: 'sockjs-client' => '/home/josiah/.cache/typescript/4.2/node_modules/@types/sockjs-client/index.d.ts'
[21:08:38.372] Adding entry into typings cache: 'source-list-map' => '/home/josiah/.cache/typescript/4.2/node_modules/@types/source-list-map/index.d.ts'
[21:08:38.372] Adding entry into typings cache: 'source-map-support' => '/home/josiah/.cache/typescript/4.2/node_modules/@types/source-map-support/index.d.ts'
[21:08:38.372] Adding entry into typings cache: 'spdx-correct' => '/home/josiah/.cache/typescript/4.2/node_modules/@types/spdx-correct/index.d.ts'
[21:08:38.373] Adding entry into typings cache: 'spdx-expression-parse' => '/home/josiah/.cache/typescript/4.2/node_modules/@types/spdx-expression-parse/index.d.ts'
[21:08:38.373] Adding entry into typings cache: 'spdy' => '/home/josiah/.cache/typescript/4.2/node_modules/@types/spdy/index.d.ts'
[21:08:38.373] Adding entry into typings cache: 'sprintf' => '/home/josiah/.cache/typescript/4.2/node_modules/@types/sprintf/index.d.ts'
[21:08:38.373] Adding entry into typings cache: 'sprintf-js' => '/home/josiah/.cache/typescript/4.2/node_modules/@types/sprintf-js/index.d.ts'
[21:08:38.374] Adding entry into typings cache: 'sshpk' => '/home/josiah/.cache/typescript/4.2/node_modules/@types/sshpk/index.d.ts'
[21:08:38.374] Adding entry into typings cache: 'ssri' => '/home/josiah/.cache/typescript/4.2/node_modules/@types/ssri/index.d.ts'
[21:08:38.374] Adding entry into typings cache: 'stack-utils' => '/home/josiah/.cache/typescript/4.2/node_modules/@types/stack-utils/index.d.ts'
[21:08:38.375] Adding entry into typings cache: 'statuses' => '/home/josiah/.cache/typescript/4.2/node_modules/@types/statuses/index.d.ts'
[21:08:38.375] Adding entry into typings cache: 'stream-each' => '/home/josiah/.cache/typescript/4.2/node_modules/@types/stream-each/index.d.ts'
[21:08:38.375] Adding entry into typings cache: 'stream-shift' => '/home/josiah/.cache/typescript/4.2/node_modules/@types/stream-shift/index.d.ts'
[21:08:38.375] Adding entry into typings cache: 'strict-uri-encode' => '/home/josiah/.cache/typescript/4.2/node_modules/@types/strict-uri-encode/index.d.ts'
[21:08:38.375] Adding entry into typings cache: 'string-natural-compare' => '/home/josiah/.cache/typescript/4.2/node_modules/@types/string-natural-compare/index.d.ts'
[21:08:38.376] Adding entry into typings cache: 'string.prototype.matchall' => '/home/josiah/.cache/typescript/4.2/node_modules/@types/string.prototype.matchall/index.d.ts'
[21:08:38.376] Adding entry into typings cache: 'stringify-object' => '/home/josiah/.cache/typescript/4.2/node_modules/@types/stringify-object/index.d.ts'
[21:08:38.376] Adding entry into typings cache: 'strip-comments' => '/home/josiah/.cache/typescript/4.2/node_modules/@types/strip-comments/index.d.ts'
[21:08:38.377] Adding entry into typings cache: 'strip-final-newline' => '/home/josiah/.cache/typescript/4.2/node_modules/@types/strip-final-newline/index.d.ts'
[21:08:38.377] Adding entry into typings cache: 'supports-color' => '/home/josiah/.cache/typescript/4.2/node_modules/@types/supports-color/index.d.ts'
[21:08:38.377] Adding entry into typings cache: 'svg-parser' => '/home/josiah/.cache/typescript/4.2/node_modules/@types/svg-parser/index.d.ts'
[21:08:38.378] Adding entry into typings cache: 'svgo' => '/home/josiah/.cache/typescript/4.2/node_modules/@types/svgo/index.d.ts'
[21:08:38.378] Adding entry into typings cache: 'symbol-tree' => '/home/josiah/.cache/typescript/4.2/node_modules/@types/symbol-tree/index.d.ts'
[21:08:38.378] Adding entry into typings cache: 'tapable' => '/home/josiah/.cache/typescript/4.2/node_modules/tapable/tapable.d.ts'
[21:08:38.378] Adding entry into typings cache: 'tar' => '/home/josiah/.cache/typescript/4.2/node_modules/@types/tar/index.d.ts'
[21:08:38.379] Adding entry into typings cache: 'terser-webpack-plugin' => '/home/josiah/.cache/typescript/4.2/node_modules/@types/terser-webpack-plugin/index.d.ts'
[21:08:38.379] Adding entry into typings cache: 'testing-library__jest-dom' => '/home/josiah/.cache/typescript/4.2/node_modules/@types/testing-library__jest-dom/index.d.ts'
[21:08:38.379] Adding entry into typings cache: 'text-table' => '/home/josiah/.cache/typescript/4.2/node_modules/@types/text-table/index.d.ts'
[21:08:38.380] Adding entry into typings cache: 'through' => '/home/josiah/.cache/typescript/4.2/node_modules/@types/through/index.d.ts'
[21:08:38.380] Adding entry into typings cache: 'through2' => '/home/josiah/.cache/typescript/4.2/node_modules/@types/through2/index.d.ts'
[21:08:38.380] Adding entry into typings cache: 'thunky' => '/home/josiah/.cache/typescript/4.2/node_modules/@types/thunky/index.d.ts'
[21:08:38.380] Adding entry into typings cache: 'timsort' => '/home/josiah/.cache/typescript/4.2/node_modules/@types/timsort/index.d.ts'
[21:08:38.381] Adding entry into typings cache: 'tough-cookie' => '/home/josiah/.cache/typescript/4.2/node_modules/@types/tough-cookie/index.d.ts'
[21:08:38.381] Adding entry into typings cache: 'tryer' => '/home/josiah/.cache/typescript/4.2/node_modules/@types/tryer/index.d.ts'
[21:08:38.381] Adding entry into typings cache: 'type-check' => '/home/josiah/.cache/typescript/4.2/node_modules/@types/type-check/index.d.ts'
[21:08:38.382] Adding entry into typings cache: 'type-detect' => '/home/josiah/.cache/typescript/4.2/node_modules/@types/type-detect/index.d.ts'
[21:08:38.382] Adding entry into typings cache: 'type-is' => '/home/josiah/.cache/typescript/4.2/node_modules/@types/type-is/index.d.ts'
[21:08:38.382] Adding entry into typings cache: 'uglify-js' => '/home/josiah/.cache/typescript/4.2/node_modules/@types/uglify-js/index.d.ts'
[21:08:38.383] Adding entry into typings cache: 'unicode-trie' => '/home/josiah/.cache/typescript/4.2/node_modules/@types/unicode-trie/index.d.ts'
[21:08:38.383] Adding entry into typings cache: 'uniq' => '/home/josiah/.cache/typescript/4.2/node_modules/@types/uniq/index.d.ts'
[21:08:38.383] Adding entry into typings cache: 'universalify' => '/home/josiah/.cache/typescript/4.2/node_modules/@types/universalify/index.d.ts'
[21:08:38.384] Adding entry into typings cache: 'urix' => '/home/josiah/.cache/typescript/4.2/node_modules/@types/urix/index.d.ts'
[21:08:38.384] Adding entry into typings cache: 'url-parse' => '/home/josiah/.cache/typescript/4.2/node_modules/@types/url-parse/index.d.ts'
[21:08:38.385] Adding entry into typings cache: 'util-deprecate' => '/home/josiah/.cache/typescript/4.2/node_modules/@types/util-deprecate/index.d.ts'
[21:08:38.385] Adding entry into typings cache: 'util.promisify' => '/home/josiah/.cache/typescript/4.2/node_modules/@types/util.promisify/index.d.ts'
[21:08:38.385] Adding entry into typings cache: 'utils-merge' => '/home/josiah/.cache/typescript/4.2/node_modules/@types/utils-merge/index.d.ts'
[21:08:38.386] Adding entry into typings cache: 'uuid' => '/home/josiah/.cache/typescript/4.2/node_modules/@types/uuid/index.d.ts'
[21:08:38.386] Adding entry into typings cache: 'validate-npm-package-license' => '/home/josiah/.cache/typescript/4.2/node_modules/@types/validate-npm-package-license/index.d.ts'
[21:08:38.386] Adding entry into typings cache: 'vary' => '/home/josiah/.cache/typescript/4.2/node_modules/@types/vary/index.d.ts'
[21:08:38.386] Adding entry into typings cache: 'verror' => '/home/josiah/.cache/typescript/4.2/node_modules/@types/verror/index.d.ts'
[21:08:38.387] Adding entry into typings cache: 'w3c-hr-time' => '/home/josiah/.cache/typescript/4.2/node_modules/@types/w3c-hr-time/index.d.ts'
[21:08:38.387] Adding entry into typings cache: 'w3c-xmlserializer' => '/home/josiah/.cache/typescript/4.2/node_modules/@types/w3c-xmlserializer/index.d.ts'
[21:08:38.387] Adding entry into typings cache: 'watchpack' => '/home/josiah/.cache/typescript/4.2/node_modules/@types/watchpack/index.d.ts'
[21:08:38.388] Adding entry into typings cache: 'webidl-conversions' => '/home/josiah/.cache/typescript/4.2/node_modules/@types/webidl-conversions/index.d.ts'
[21:08:38.389] Adding entry into typings cache: 'webpack' => '/home/josiah/.cache/typescript/4.2/node_modules/webpack/types.d.ts'
[21:08:38.389] Adding entry into typings cache: 'webpack-dev-middleware' => '/home/josiah/.cache/typescript/4.2/node_modules/@types/webpack-dev-middleware/index.d.ts'
[21:08:38.390] Adding entry into typings cache: 'webpack-dev-server' => '/home/josiah/.cache/typescript/4.2/node_modules/@types/webpack-dev-server/index.d.ts'
[21:08:38.390] Adding entry into typings cache: 'webpack-manifest-plugin' => '/home/josiah/.cache/typescript/4.2/node_modules/@types/webpack-manifest-plugin/index.d.ts'
[21:08:38.391] Adding entry into typings cache: 'webpack-sources' => '/home/josiah/.cache/typescript/4.2/node_modules/@types/webpack-sources/index.d.ts'
[21:08:38.392] Adding entry into typings cache: 'whatwg-encoding' => '/home/josiah/.cache/typescript/4.2/node_modules/@types/whatwg-encoding/index.d.ts'
[21:08:38.392] Adding entry into typings cache: 'whatwg-mimetype' => '/home/josiah/.cache/typescript/4.2/node_modules/@types/whatwg-mimetype/index.d.ts'
[21:08:38.393] Adding entry into typings cache: 'whatwg-url' => '/home/josiah/.cache/typescript/4.2/node_modules/@types/whatwg-url/index.d.ts'
[21:08:38.393] Adding entry into typings cache: 'which' => '/home/josiah/.cache/typescript/4.2/node_modules/@types/which/index.d.ts'
[21:08:38.393] Adding entry into typings cache: 'workbox-build' => '/home/josiah/.cache/typescript/4.2/node_modules/@types/workbox-build/index.d.ts'
[21:08:38.394] Adding entry into typings cache: 'workbox-sw' => '/home/josiah/.cache/typescript/4.2/node_modules/@types/workbox-sw/index.d.ts'
[21:08:38.394] Adding entry into typings cache: 'workbox-webpack-plugin' => '/home/josiah/.cache/typescript/4.2/node_modules/@types/workbox-webpack-plugin/index.d.ts'
[21:08:38.394] Adding entry into typings cache: 'wrap-ansi' => '/home/josiah/.cache/typescript/4.2/node_modules/@types/wrap-ansi/index.d.ts'
[21:08:38.395] Adding entry into typings cache: 'write-file-atomic' => '/home/josiah/.cache/typescript/4.2/node_modules/@types/write-file-atomic/index.d.ts'
[21:08:38.395] Adding entry into typings cache: 'ws' => '/home/josiah/.cache/typescript/4.2/node_modules/@types/ws/index.d.ts'
[21:08:38.395] Adding entry into typings cache: 'xtend' => '/home/josiah/.cache/typescript/4.2/node_modules/@types/xtend/index.d.ts'
[21:08:38.395] Adding entry into typings cache: 'y18n' => '/home/josiah/.cache/typescript/4.2/node_modules/@types/y18n/index.d.ts'
[21:08:38.396] Adding entry into typings cache: 'yallist' => '/home/josiah/.cache/typescript/4.2/node_modules/@types/yallist/index.d.ts'
[21:08:38.396] Adding entry into typings cache: 'yargs' => '/home/josiah/.cache/typescript/4.2/node_modules/@types/yargs/index.d.ts'
[21:08:38.396] Adding entry into typings cache: 'yargs-parser' => '/home/josiah/.cache/typescript/4.2/node_modules/@types/yargs-parser/index.d.ts'
[21:08:38.396] Adding entry into typings cache: 'zen-observable' => '/home/josiah/.cache/typescript/4.2/node_modules/@types/zen-observable/index.d.ts'
[21:08:38.397] Adding entry into typings cache: 'zen-push' => '/home/josiah/.cache/typescript/4.2/node_modules/@types/zen-push/index.d.ts'
[21:08:38.397] Finished processing cache location '/home/josiah/.cache/typescript/4.2'
[21:08:38.397] Process id: 586210
[21:08:38.397] NPM location: /usr/bin/npm (explicit '--npmLocation' not  provided)
[21:08:38.397] validateDefaultNpmLocation: false
[21:08:38.397] Npm config file: /home/josiah/.cache/typescript/4.2/package.json
[21:08:38.397] Updating types-registry npm package...
[21:08:38.397] Exec: /usr/bin/npm install --ignore-scripts types-registry@latest
[21:08:44.205]     Succeeded. stdout:
    + types-registry@0.1.542
    updated 1 package and audited 820 packages in 5.344s

19 packages are looking for funding
  run `npm fund` for details

found 16 moderate severity vulnerabilities
  run `npm audit fix` to fix them, or `npm audit` for details

[21:08:44.205] Updated types-registry npm package
